<?xml version="1.0" encoding="UTF-8"?>
<testsuite name="com.company.buildings.logic.LogicUnitTests" tests="17" skipped="0" failures="1" errors="0" timestamp="2023-05-12T06:06:09" hostname="WIN-UKAS2QIPQGH" time="0.056">
  <properties/>
  <testcase name="testCottageSecondFloor" classname="com.company.buildings.logic.LogicUnitTests" time="0.01"/>
  <testcase name="testHouseToString" classname="com.company.buildings.logic.LogicUnitTests" time="0.001"/>
  <testcase name="test_OfficeConstructor" classname="com.company.buildings.logic.LogicUnitTests" time="0.001"/>
  <testcase name="test_SetSpaces" classname="com.company.buildings.logic.LogicUnitTests" time="0.001"/>
  <testcase name="testBuildingSetAndGet" classname="com.company.buildings.logic.LogicUnitTests" time="0.001"/>
  <testcase name="testNeighborhoodArea" classname="com.company.buildings.logic.LogicUnitTests" time="0.002"/>
  <testcase name="test_OfficeLotArea" classname="com.company.buildings.logic.LogicUnitTests" time="0.002"/>
  <testcase name="test_OfficeArea" classname="com.company.buildings.logic.LogicUnitTests" time="0.001"/>
  <testcase name="testBuildingLotArea" classname="com.company.buildings.logic.LogicUnitTests" time="0.001"/>
  <testcase name="testBuildingArea" classname="com.company.buildings.logic.LogicUnitTests" time="0.001"/>
  <testcase name="testHouseEquals" classname="com.company.buildings.logic.LogicUnitTests" time="0.002"/>
  <testcase name="testCottageSingleFloor" classname="com.company.buildings.logic.LogicUnitTests" time="0.01">
    <failure message="java.lang.AssertionError: expected:&lt;false&gt; but was:&lt;true&gt;" type="java.lang.AssertionError">java.lang.AssertionError: expected:&lt;false&gt; but was:&lt;true&gt;
	at org.junit.Assert.fail(Assert.java:89)
	at org.junit.Assert.failNotEquals(Assert.java:835)
	at org.junit.Assert.assertEquals(Assert.java:120)
	at org.junit.Assert.assertEquals(Assert.java:146)
	at com.company.buildings.logic.LogicUnitTests.testCottageSingleFloor(LogicUnitTests.java:314)
	at java.base/jdk.internal.reflect.NativeMethodAccessorImpl.invoke0(Native Method)
	at java.base/jdk.internal.reflect.NativeMethodAccessorImpl.invoke(NativeMethodAccessorImpl.java:62)
	at java.base/jdk.internal.reflect.DelegatingMethodAccessorImpl.invoke(DelegatingMethodAccessorImpl.java:43)
	at java.base/java.lang.reflect.Method.invoke(Method.java:566)
	at org.junit.runners.model.FrameworkMethod$1.runReflectiveCall(FrameworkMethod.java:59)
	at org.junit.internal.runners.model.ReflectiveCallable.run(ReflectiveCallable.java:12)
	at org.junit.runners.model.FrameworkMethod.invokeExplosively(FrameworkMethod.java:56)
	at org.junit.internal.runners.statements.InvokeMethod.evaluate(InvokeMethod.java:17)
	at org.junit.internal.runners.statements.FailOnTimeout$CallableStatement.call(FailOnTimeout.java:299)
	at org.junit.internal.runners.statements.FailOnTimeout$CallableStatement.call(FailOnTimeout.java:293)
	at java.base/java.util.concurrent.FutureTask.run(FutureTask.java:264)
	at java.base/java.lang.Thread.run(Thread.java:829)
</failure>
  </testcase>
  <testcase name="test_OfficeEquals" classname="com.company.buildings.logic.LogicUnitTests" time="0.002"/>
  <testcase name="test_OfficeString" classname="com.company.buildings.logic.LogicUnitTests" time="0.001"/>
  <testcase name="testHouseAreas" classname="com.company.buildings.logic.LogicUnitTests" time="0.002"/>
  <testcase name="testHouseOwner" classname="com.company.buildings.logic.LogicUnitTests" time="0.003"/>
  <testcase name="testHousePool" classname="com.company.buildings.logic.LogicUnitTests" time="0.01"/>
  <system-out><![CDATA[]]></system-out>
  <system-err><![CDATA[]]></system-err>
</testsuite>
